[2021-6-3 11:56:21.028]  [ERROR] [1594] [/Users/charm/Documents/projects/beauty-logger/dist/node_test.js:92] "undefined"  
[2021-6-3 11:56:21.029]  [ERROR] [1594] [/Users/charm/Documents/projects/beauty-logger/dist/node_test.js:93] "func"  
